#
# A fatal error has been detected by the Java Runtime Environment:
#
#  Internal Error (javaClasses.cpp:124), pid=1204, tid=1060
#  fatal error: Invalid layout of preloaded class
#
# JRE version:  (8.0-b132) (build )
# Java VM: Java HotSpot(TM) 64-Bit Server VM (25.0-b70 mixed mode windows-amd64 compressed oops)
# Failed to write core dump. Minidumps are not enabled by default on client versions of Windows
#
# If you would like to submit a bug report, please visit:
#   http://bugreport.sun.com/bugreport/crash.jsp
#

---------------  T H R E A D  ---------------

Current thread (0x000000000012e800):  JavaThread "Unknown thread" [_thread_in_vm, id=1060, stack(0x00000000020d0000,0x00000000021d0000)]

Stack: [0x00000000020d0000,0x00000000021d0000]
Native frames: (J=compiled Java code, j=interpreted, Vv=VM code, C=native code)
V  [jvm.dll+0x308e0a]
V  [jvm.dll+0x25df11]
V  [jvm.dll+0x25eb2f]
V  [jvm.dll+0x256486]
V  [jvm.dll+0x5d36c]
V  [jvm.dll+0x5d463]
V  [jvm.dll+0x71d5a]
V  [jvm.dll+0x720b8]
V  [jvm.dll+0xe1637]
V  [jvm.dll+0xe19c6]
V  [jvm.dll+0x1f1407]
V  [jvm.dll+0x2227e4]
V  [jvm.dll+0x149f91]
C  [javaw.exe+0x208a]
C  [javaw.exe+0xc9db]
C  [javaw.exe+0xca6f]
C  [kernel32.dll+0x159ed]
C  [ntdll.dll+0x2c541]


---------------  P R O C E S S  ---------------

Java Threads: ( => current thread )

Other Threads:

=>0x000000000012e800 (exited) JavaThread "Unknown thread" [_thread_in_vm, id=1060, stack(0x00000000020d0000,0x00000000021d0000)]

VM state:not at safepoint (not fully initialized)

VM Mutex/Monitor currently owned by a thread: None

GC Heap History (0 events):
No events

Deoptimization events (0 events):
No events

Internal exceptions (0 events):
No events

Events (10 events):
Event: 0.013 loading class java/lang/CharSequence done
Event: 0.013 loading class java/lang/String done
Event: 0.013 loading class java/lang/Class
Event: 0.013 loading class java/lang/reflect/AnnotatedElement
Event: 0.013 loading class java/lang/reflect/AnnotatedElement done
Event: 0.013 loading class java/lang/reflect/GenericDeclaration
Event: 0.013 loading class java/lang/reflect/GenericDeclaration done
Event: 0.013 loading class java/lang/reflect/Type
Event: 0.013 loading class java/lang/reflect/Type done
Event: 0.013 loading class java/lang/Class done


Dynamic libraries:
0x000000013f2d0000 - 0x000000013f304000 	C:\Program Files\Java\jdk1.8.0\bin\javaw.exe
0x00000000770c0000 - 0x0000000077269000 	C:\Windows\SYSTEM32\ntdll.dll
0x0000000076ea0000 - 0x0000000076fbf000 	C:\Windows\system32\kernel32.dll
0x000007fefcf60000 - 0x000007fefcfcc000 	C:\Windows\system32\KERNELBASE.dll
0x000007feff1e0000 - 0x000007feff2bb000 	C:\Windows\system32\ADVAPI32.dll
0x000007feff0a0000 - 0x000007feff13f000 	C:\Windows\system32\msvcrt.dll
0x000007fefe2b0000 - 0x000007fefe2cf000 	C:\Windows\SYSTEM32\sechost.dll
0x000007fefdc40000 - 0x000007fefdd6d000 	C:\Windows\system32\RPCRT4.dll
0x0000000076fc0000 - 0x00000000770ba000 	C:\Windows\system32\USER32.dll
0x000007fefd970000 - 0x000007fefd9d7000 	C:\Windows\system32\GDI32.dll
0x000007fefd770000 - 0x000007fefd77e000 	C:\Windows\system32\LPK.dll
0x000007fefd6a0000 - 0x000007fefd769000 	C:\Windows\system32\USP10.dll
0x000007fefb3a0000 - 0x000007fefb594000 	C:\Windows\WinSxS\amd64_microsoft.windows.common-controls_6595b64144ccf1df_6.0.7601.17514_none_fa396087175ac9ac\COMCTL32.dll
0x000007fefd780000 - 0x000007fefd7f1000 	C:\Windows\system32\SHLWAPI.dll
0x000007fefe2e0000 - 0x000007fefe30e000 	C:\Windows\system32\IMM32.DLL
0x000007feff2c0000 - 0x000007feff3c9000 	C:\Windows\system32\MSCTF.dll
0x0000000063c30000 - 0x0000000063d02000 	C:\Program Files\Java\jdk1.8.0\jre\bin\msvcr100.dll
0x00000000613d0000 - 0x0000000061bfa000 	C:\Program Files\Java\jdk1.8.0\jre\bin\server\jvm.dll
0x000007fef7f00000 - 0x000007fef7f09000 	C:\Windows\system32\WSOCK32.dll
0x000007fefdbf0000 - 0x000007fefdc3d000 	C:\Windows\system32\WS2_32.dll
0x000007fefe2d0000 - 0x000007fefe2d8000 	C:\Windows\system32\NSI.dll
0x000007fef9000000 - 0x000007fef903b000 	C:\Windows\system32\WINMM.dll
0x0000000077280000 - 0x0000000077287000 	C:\Windows\system32\PSAPI.DLL
0x0000000066d00000 - 0x0000000066d0f000 	C:\Program Files\Java\jdk1.8.0\jre\bin\verify.dll
0x0000000064d70000 - 0x0000000064d98000 	C:\Program Files\Java\jdk1.8.0\jre\bin\java.dll
0x00000000649e0000 - 0x00000000649f6000 	C:\Program Files\Java\jdk1.8.0\jre\bin\zip.dll
0x000007fef4950000 - 0x000007fef4a75000 	C:\Windows\system32\dbghelp.dll

VM Arguments:
jvm_args: -Dfile.encoding=Cp1252 -Xbootclasspath:C:\apps\adt\sdk\platforms\android-19\android.jar;C:\apps\adt\sdk\add-ons\addon-google_gdk-google-19\libs\gdk.jar 
java_command: de.philipphock.android.lib.logging.TAG
java_class_path (initial): C:\workspaces\android\AndroidLibraryPackage\bin\classes
Launcher Type: SUN_STANDARD

Environment Variables:
JAVA_HOME=C:\Program Files\Java\jdk1.8.0
PATH=C:/Program Files/Java/jre1.8.0_20/bin/server;C:/Program Files/Java/jre1.8.0_20/bin;C:/Program Files/Java/jre1.8.0_20/lib/amd64;C:\Program Files\Common Files\Microsoft Shared\Windows Live;C:\Program Files (x86)\Common Files\Microsoft Shared\Windows Live;C:\ProgramData\Oracle\Java\javapath;C:\Program Files (x86)\Intel\iCLS Client\;C:\Program Files\Intel\iCLS Client\;C:\Python34\;C:\Python34\Scripts;C:\Windows\system32;C:\Windows;C:\Windows\System32\Wbem;C:\Windows\System32\WindowsPowerShell\v1.0\;C:\Program Files\Microsoft\Web Platform Installer\;C:\Program Files (x86)\Microsoft ASP.NET\ASP.NET Web Pages\v1.0\;C:\Program Files (x86)\Windows Kits\8.0\Windows Performance Toolkit\;C:\Program Files\Microsoft SQL Server\110\Tools\Binn\;C:\Program Files\Calibre2\;C:\Program Files\SourceGear\Common\DiffMerge;C:\Program Files (x86)\Meld\meld;C:\Program Files\TortoiseGit\bin;C:\Program Files (x86)\QuickTime\QTSystem\;C:\Program Files (x86)\Lenovo\Access Connections\;C:\apps\adt\sdk\platform-tools;C:\Program Files\Common Files\Autodesk Shared\;C:\Program Files (x86)\Autodesk\Backburner\;C:\Program Files\Intel\Intel(R) Management Engine Components\DAL;C:\Program Files\Intel\Intel(R) Management Engine Components\IPT;C:\Program Files (x86)\Intel\Intel(R) Management Engine Components\DAL;C:\Program Files (x86)\Intel\Intel(R) Management Engine Components\IPT;C:\Program Files\Intel\WiFi\bin\;C:\Program Files\Common Files\Intel\WirelessCommon\;C:\Program Files (x86)\MiKTeX 2.9\miktex\bin\;C:\Program Files\nodejs\;C:\Windows\System32\WindowsPowerShell\v1.0\;C:\apps\cmder;C:\Windows\System32\WindowsPowerShell\v1.0\;C:\Program Files (x86)\Windows Live\Shared;C:\cygwin64\bin;C:\Program Files\Java\jdk1.8.0\bin;C:\Chocolatey\bin;C:\Users\phil\bin;C:\Program Files\Intel\WiFi\bin\;C:\Program Files\Common Files\Intel\WirelessCommon\;C:\Users\phil\bin;C:\Users\phil\AppData\Roaming\npm;C:\apps\cmder;C:\apps\adt\eclipse;
USERNAME=phil
OS=Windows_NT
PROCESSOR_IDENTIFIER=Intel64 Family 6 Model 69 Stepping 1, GenuineIntel



---------------  S Y S T E M  ---------------

OS: Windows 7 , 64 bit Build 7601 Service Pack 1

CPU:total 4 (2 cores per cpu, 2 threads per core) family 6 model 69 stepping 1, cmov, cx8, fxsr, mmx, sse, sse2, sse3, ssse3, sse4.1, sse4.2, popcnt, avx, avx2, aes, clmul, erms, ht, tsc, tscinvbit

Memory: 4k page, physical 8068740k(4051640k free), swap 16135616k(11276244k free)

vm_info: Java HotSpot(TM) 64-Bit Server VM (25.0-b70) for windows-amd64 JRE (1.8.0-b132), built on Mar  4 2014 03:46:18 by "java_re" with MS VC++ 10.0 (VS2010)

time: Tue Sep 09 14:50:41 2014
elapsed time: 0 seconds

